{"name": "test_successful_login", "status": "failed", "statusDetails": {"message": "AssertionError: Expected '/office/' in URL, got https://liner.dstepanyuk.dev.smte.am/auth/\nassert 'office' in 'https://liner.dstepanyuk.dev.smte.am/auth/'\n +  where 'https://liner.dstepanyuk.dev.smte.am/auth/' = <Page url='https://liner.dstepanyuk.dev.smte.am/auth/'>.url", "trace": "self = <tests.test_auth.TestAuthentication object at 0x000001B8A766B210>\npage = <Page url='https://liner.dstepanyuk.dev.smte.am/auth/'>\nconfig = {'apiUrl': 'https://liner.dstepanyuk.dev.smte.am/api/', 'baseUrl': 'https://liner.dstepanyuk.dev.smte.am/auth/', 'brow...password': 'wrong_password'}, 'valid_user': {'email': 'dstepanyuk@southmedia.io', 'password': 'yND-jC2-rWz-qqJ'}}, ...}\n\n    @allure.story(\"Successful login\")\n    @allure.severity(allure.severity_level.CRITICAL)\n    def test_successful_login(self, page, config):\n        login_page = LoginPage(page, config[\"baseUrl\"])\n        creds = config[\"credentials\"][\"valid_user\"]\n        login_page.login(creds[\"email\"], creds[\"password\"])\n>       assert \"office\" in page.url, f\"Expected '/office/' in URL, got {page.url}\"\nE       AssertionError: Expected '/office/' in URL, got https://liner.dstepanyuk.dev.smte.am/auth/\nE       assert 'office' in 'https://liner.dstepanyuk.dev.smte.am/auth/'\nE        +  where 'https://liner.dstepanyuk.dev.smte.am/auth/' = <Page url='https://liner.dstepanyuk.dev.smte.am/auth/'>.url\n\ntests\\test_auth.py:14: AssertionError"}, "start": 1741790638325, "stop": 1741790640464, "uuid": "3cab08e0-b0e9-47b3-be1b-67eb9d8580b4", "historyId": "e58ef8b546cb9bb0a0bef80de7a5e314", "testCaseId": "e58ef8b546cb9bb0a0bef80de7a5e314", "fullName": "tests.test_auth.TestAuthentication#test_successful_login", "labels": [{"name": "story", "value": "Successful login"}, {"name": "severity", "value": "critical"}, {"name": "feature", "value": "Authentication"}, {"name": "tag", "value": "@pytest.mark.usefixtures('page')"}, {"name": "parentSuite", "value": "tests"}, {"name": "suite", "value": "test_auth"}, {"name": "subSuite", "value": "TestAuthentication"}, {"name": "host", "value": "DESKTOP-US86AEC"}, {"name": "thread", "value": "16000-MainThread"}, {"name": "framework", "value": "pytest"}, {"name": "language", "value": "cpython3"}, {"name": "package", "value": "tests.test_auth"}]}